<?xml version="1.0" encoding="UTF-8"?>
<testsuite name="org.example.AppTest" tests="1" skipped="0" failures="0" errors="0" timestamp="2025-06-30T01:09:36.682Z" hostname="LAPTOP-MO2CMTNA" time="0.015">
  <properties/>
  <testcase name="appHasAGreeting" classname="org.example.AppTest" time="0.015"/>
  <system-out><![CDATA[]]></system-out>
  <system-err><![CDATA[]]></system-err>
</testsuite>
