<?xml version="1.0" encoding="UTF-8"?>
<testsuite name="org.example.CalculateTest" tests="1" skipped="0" failures="0" errors="0" timestamp="2025-06-30T01:09:36.706Z" hostname="LAPTOP-MO2CMTNA" time="0.002">
  <properties/>
  <testcase name="testSum" classname="org.example.CalculateTest" time="0.002"/>
  <system-out><![CDATA[]]></system-out>
  <system-err><![CDATA[]]></system-err>
</testsuite>
